[debug] > Exec(early(addDefaultCommands), None, None)
[debug] > Exec(addDefaultCommands, None, None)
[debug] > Exec(early(initialize), None, None)
[debug] > Exec(initialize, None, None)
[debug] > Exec(boot, None, None)
[debug] > Exec(writeSbtVersion, None, None)
[debug] > Exec(reload, None, None)
[debug] > Exec(sbtStashOnFailure, None, None)
[debug] > Exec(onFailure loadFailed, None, None)
[debug] > Exec(loadp, None, None)
[info] welcome to sbt 1.4.7 (AdoptOpenJDK Java 14.0.2)
[debug]       Load.loadUnit: plugins took 456.802869ms
[debug]       Load.loadUnit: defsScala took 0.608322ms
[debug] [Loading] Scanning directory C:\Users\Manuel\.sbt\1.0\plugins
[debug] [Loading] Found non-root projects 
[debug] [Loading] Done in C:\Users\Manuel\.sbt\1.0\plugins, returning: ()
[debug] deducing auto plugins based on known facts Set(Atom(sbt.plugins.CorePlugin)) and clauses Clauses(List(Clause(Atom(sbt.plugins.JvmPlugin),Set(Atom(sbt.plugins.IvyPlugin))), Clause(Atom(sbt.ScriptedPlugin),Set(Atom(sbt.plugins.JvmPlugin))), Clause(Atom(sbt.plugins.SbtPlugin),Set(Atom(sbt.ScriptedPlugin))), Clause(Atom(sbt.plugins.SemanticdbPlugin),Set(Atom(sbt.plugins.JvmPlugin))), Clause(Atom(sbt.plugins.JUnitXmlReportPlugin),Set(Atom(sbt.plugins.JvmPlugin))), Clause(Atom(sbt.plugins.MiniDependencyTreePlugin),Set(Atom(sbt.plugins.JvmPlugin))), Clause(Atom(sbt.plugins.CorePlugin),Set(Atom(sbt.plugins.IvyPlugin))), Clause(Atom(sbt.plugins.IvyPlugin),Set(Atom(sbt.plugins.JvmPlugin))), Clause(Atom(sbt.plugins.JvmPlugin),Set(Atom(sbt.plugins.SemanticdbPlugin))), Clause(Atom(sbt.plugins.JvmPlugin),Set(Atom(sbt.plugins.JUnitXmlReportPlugin))), Clause(Atom(sbt.plugins.CorePlugin),Set(Atom(sbt.plugins.Giter8TemplatePlugin))), Clause(Atom(sbt.plugins.JvmPlugin),Set(Atom(sbt.plugins.MiniDependencyTreePlugin)))))
[debug]   :: deduced result: Matched(sbt.plugins.CorePlugin,sbt.plugins.Giter8TemplatePlugin,sbt.plugins.IvyPlugin,sbt.plugins.JvmPlugin,sbt.plugins.MiniDependencyTreePlugin,sbt.plugins.JUnitXmlReportPlugin,sbt.plugins.SemanticdbPlugin)
[debug] Plugins.deducer#function took 68.385331 ms
[debug]           Load.resolveProject(global-plugins) took 298.492305ms
[debug]         Load.loadTransitive: finalizeProject(Project(id global-plugins, base: C:\Users\Manuel\.sbt\1.0\plugins, plugins: List(<none>))) took 466.175406ms
[debug] [Loading] Done in C:\Users\Manuel\.sbt\1.0\plugins, returning: (global-plugins)
[debug]       Load.loadUnit: loadedProjectsRaw took 612.239767ms
[debug]       Load.loadUnit: cleanEvalClasses took 0.467903ms
[debug]     Load.loadUnit(file:/C:/Users/Manuel/.sbt/1.0/plugins/, ...) took 1131.354546ms
[debug]   Load.apply: load took 2534.064376ms
[debug]   Load.apply: resolveProjects took 13.823922ms
[debug]   Load.apply: finalTransforms took 207.662987ms
[debug]   Load.apply: config.delegates took 14.159338ms
[debug]   Load.apply: Def.make(settings)... took 14921.723379ms
[debug]   Load.apply: structureIndex took 854.026608ms
[debug]   Load.apply: mkStreams took 38.392371ms
[info] loading global plugins from C:\Users\Manuel\.sbt\1.0\plugins
[debug] Running task... Cancel: Signal, check cycles: false, forcegc: true
[debug] Load.defaultLoad until apply took 46737.771406ms
[debug]           Load.loadUnit: plugins took 54.247452ms
[debug]           Load.loadUnit: defsScala took 0.007464ms
[debug] [Loading] Scanning directory C:\Users\Manuel\pruebaTuplas\project
[debug] [Loading] Found non-root projects 
[debug] [Loading] Done in C:\Users\Manuel\pruebaTuplas\project, returning: ()
[debug] deducing auto plugins based on known facts Set(Atom(sbt.plugins.CorePlugin)) and clauses Clauses(List(Clause(Atom(sbt.plugins.JvmPlugin),Set(Atom(sbt.plugins.IvyPlugin))), Clause(Atom(sbt.ScriptedPlugin),Set(Atom(sbt.plugins.JvmPlugin))), Clause(Atom(sbt.plugins.SbtPlugin),Set(Atom(sbt.ScriptedPlugin))), Clause(Atom(sbt.plugins.SemanticdbPlugin),Set(Atom(sbt.plugins.JvmPlugin))), Clause(Atom(sbt.plugins.JUnitXmlReportPlugin),Set(Atom(sbt.plugins.JvmPlugin))), Clause(Atom(sbt.plugins.MiniDependencyTreePlugin),Set(Atom(sbt.plugins.JvmPlugin))), Clause(Atom(sbt.plugins.CorePlugin),Set(Atom(sbt.plugins.IvyPlugin))), Clause(Atom(sbt.plugins.IvyPlugin),Set(Atom(sbt.plugins.JvmPlugin))), Clause(Atom(sbt.plugins.JvmPlugin),Set(Atom(sbt.plugins.SemanticdbPlugin))), Clause(Atom(sbt.plugins.JvmPlugin),Set(Atom(sbt.plugins.JUnitXmlReportPlugin))), Clause(Atom(sbt.plugins.CorePlugin),Set(Atom(sbt.plugins.Giter8TemplatePlugin))), Clause(Atom(sbt.plugins.JvmPlugin),Set(Atom(sbt.plugins.MiniDependencyTreePlugin)))))
[debug]   :: deduced result: Matched(sbt.plugins.CorePlugin,sbt.plugins.Giter8TemplatePlugin,sbt.plugins.IvyPlugin,sbt.plugins.JvmPlugin,sbt.plugins.MiniDependencyTreePlugin,sbt.plugins.JUnitXmlReportPlugin,sbt.plugins.SemanticdbPlugin)
[debug] Plugins.deducer#function took 3.993277 ms
[debug]               Load.resolveProject(pruebatuplas-build) took 2.343718ms
[debug]             Load.loadTransitive: finalizeProject(Project(id pruebatuplas-build, base: C:\Users\Manuel\pruebaTuplas\project, plugins: List(<none>))) took 7.315254ms
[debug] [Loading] Done in C:\Users\Manuel\pruebaTuplas\project, returning: (pruebatuplas-build)
[debug]           Load.loadUnit: loadedProjectsRaw took 10.443165ms
[debug]           Load.loadUnit: cleanEvalClasses took 0.023792ms
[debug]         Load.loadUnit(file:/C:/Users/Manuel/pruebaTuplas/project/, ...) took 65.973037ms
[debug]       Load.apply: load took 68.257975ms
[debug]       Load.apply: resolveProjects took 0.167008ms
[debug]       Load.apply: finalTransforms took 39.815674ms
[debug]       Load.apply: config.delegates took 1.575851ms
[debug]       Load.apply: Def.make(settings)... took 290.112488ms
[debug]       Load.apply: structureIndex took 88.442682ms
[debug]       Load.apply: mkStreams took 0.002799ms
[info] loading project definition from C:\Users\Manuel\pruebaTuplas\project
[debug] Running task... Cancel: Signal, check cycles: false, forcegc: true
[debug]     Load.loadUnit: plugins took 12237.971304ms
[debug]     Load.loadUnit: defsScala took 0.006531ms
[debug] [Loading] Scanning directory C:\Users\Manuel\pruebaTuplas
[debug]       Load.loadUnit: mkEval took 8.316372ms
[debug] [Loading] Found non-root projects 
[debug] [Loading] Done in C:\Users\Manuel\pruebaTuplas, returning: ()
[debug] deducing auto plugins based on known facts Set(Atom(sbt.plugins.CorePlugin)) and clauses Clauses(List(Clause(Atom(sbt.plugins.JvmPlugin),Set(Atom(sbt.plugins.IvyPlugin))), Clause(Atom(sbt.ScriptedPlugin),Set(Atom(sbt.plugins.JvmPlugin))), Clause(Atom(sbt.plugins.SbtPlugin),Set(Atom(sbt.ScriptedPlugin))), Clause(Atom(sbt.plugins.SemanticdbPlugin),Set(Atom(sbt.plugins.JvmPlugin))), Clause(Atom(sbt.plugins.JUnitXmlReportPlugin),Set(Atom(sbt.plugins.JvmPlugin))), Clause(Atom(sbt.plugins.MiniDependencyTreePlugin),Set(Atom(sbt.plugins.JvmPlugin))), Clause(Atom(sbt.plugins.CorePlugin),Set(Atom(sbt.plugins.IvyPlugin))), Clause(Atom(sbt.plugins.IvyPlugin),Set(Atom(sbt.plugins.JvmPlugin))), Clause(Atom(sbt.plugins.JvmPlugin),Set(Atom(sbt.plugins.SemanticdbPlugin))), Clause(Atom(sbt.plugins.JvmPlugin),Set(Atom(sbt.plugins.JUnitXmlReportPlugin))), Clause(Atom(sbt.plugins.CorePlugin),Set(Atom(sbt.plugins.Giter8TemplatePlugin))), Clause(Atom(sbt.plugins.JvmPlugin),Set(Atom(sbt.plugins.MiniDependencyTreePlugin)))))
[debug]   :: deduced result: Matched(sbt.plugins.CorePlugin,sbt.plugins.Giter8TemplatePlugin,sbt.plugins.IvyPlugin,sbt.plugins.JvmPlugin,sbt.plugins.MiniDependencyTreePlugin,sbt.plugins.JUnitXmlReportPlugin,sbt.plugins.SemanticdbPlugin)
[debug] Plugins.deducer#function took 2.840544 ms
[info] loading settings for project pruebatuplas from build.sbt ...
[debug]         Load.resolveProject(pruebatuplas) took 117.825456ms
[debug]       Load.loadTransitive: finalizeProject(Project(id pruebatuplas, base: C:\Users\Manuel\pruebaTuplas, plugins: List(<none>))) took 121.606473ms
[debug] [Loading] Done in C:\Users\Manuel\pruebaTuplas, returning: (pruebatuplas)
[debug]     Load.loadUnit: loadedProjectsRaw took 8327.013911ms
[debug]     Load.loadUnit: cleanEvalClasses took 19.518073ms
[debug]   Load.loadUnit(file:/C:/Users/Manuel/pruebaTuplas/, ...) took 20585.797371ms
[debug] Load.apply: load took 20589.815371ms
[debug] Load.apply: resolveProjects took 0.180537ms
[debug] Load.apply: finalTransforms took 40.652117ms
[debug] Load.apply: config.delegates took 8.595809ms
[debug] Load.apply: Def.make(settings)... took 657.724402ms
[debug] Load.apply: structureIndex took 95.504158ms
[debug] Load.apply: mkStreams took 0.003265ms
[info] set current project to pruebaTuplas (in build file:/C:/Users/Manuel/pruebaTuplas/)
[debug] > Exec(sbtPopOnFailure, None, None)
[debug] > Exec(resumeFromFailure, None, None)
[debug] > Exec(notifyUsersAboutShell, None, None)
[debug] > Exec(iflast shell, None, None)
[debug] > Exec(shell, None, None)
[info] sbt server started at local:sbt-server-2b96d437e2d5996cb56e
[info] started sbt server
